Using CSV file: ./Q4_venv/lib/python3.10/site-packages/numpy/random/tests/data/mt19937-testset-2.csv
Q4_venv found.
Virtual environment activated.
Installing dependencies from requirements.txt.
Running Python script: /home/neta/LINUX_COURSE_PROJECT/Work/Q2/requirements.py
Generated plots for seed.
Generated plots for 0.
Generated plots for 1.
Generated plots for 2.
Generated plots for 3.
Generated plots for 4.
Generated plots for 5.
Generated plots for 6.
Generated plots for 7.
Generated plots for 8.
Generated plots for 9.
Generated plots for 10.
Generated plots for 11.
Generated plots for 12.
Generated plots for 13.
Generated plots for 14.
Generated plots for 15.
Generated plots for 16.
Generated plots for 17.
Generated plots for 18.
Generated plots for 19.
Generated plots for 20.
Generated plots for 21.
Generated plots for 22.
Generated plots for 23.
Generated plots for 24.
Generated plots for 25.
Generated plots for 26.
Generated plots for 27.
Using CSV file: /home/neta/LINUX_COURSE_PROJECT/Work/Q4/second.csv
Q4_venv found.
Virtual environment activated.
Installing dependencies from requirements.txt.
Running Python script: /home/neta/LINUX_COURSE_PROJECT/Work/Q2/requirements.py
Generated plots for "Lily".
Generated plots for "Lily".
Generated plots for "Tulip".
All plots generated successfully.
Virtual environment deactivated.
Using CSV file: /home/neta/LINUX_COURSE_PROJECT/Work/Q4/second.csv
Q4_venv found.
Virtual environment activated.
Installing dependencies from requirements.txt.
Running Python script: /home/neta/LINUX_COURSE_PROJECT/Work/Q2/requirements.py
Generated plots for "Lily".
Generated plots for "Lily".
Generated plots for "Tulip".
All plots generated successfully.
Virtual environment deactivated.
Using CSV file: /home/neta/LINUX_COURSE_PROJECT/Work/Q3/first.csv
Q4_venv found.
Virtual environment activated.
Installing dependencies from requirements.txt.
Running Python script: /home/neta/LINUX_COURSE_PROJECT/Work/Q2/requirements.py
Generated plots for "Rose".
Generated plots for "Sunflower".
Generated plots for "Lily".
All plots generated successfully.
Virtual environment deactivated.
Using CSV file: ./Q4_venv/lib/python3.10/site-packages/numpy/random/tests/data/mt19937-testset-2.csv
Q4_venv found.
Virtual environment activated.
Installing dependencies from requirements.txt.
Running Python script: /home/neta/LINUX_COURSE_PROJECT/Work/Q2/requirements.py
Generated plots for seed.
Generated plots for 0.
Generated plots for 1.
Generated plots for 2.
Generated plots for 3.
Generated plots for 4.
Generated plots for 5.
Generated plots for 6.
Using CSV file: /home/neta/LINUX_COURSE_PROJECT/Work/Q3/first.csv
No Q4_venv found, creating virtual environment.
Virtual environment activated.
Installing dependencies from requirements.txt.
Running Python script: /home/neta/LINUX_COURSE_PROJECT/Work/Q2/requirements.py
Generated plots for "Rose".
Generated plots for "Sunflower".
Generated plots for "Lily".
All plots generated successfully.
Virtual environment deactivated.
Using CSV file: /home/neta/LINUX_COURSE_PROJECT/Work/Q3/first.csv
No Q4_venv found, creating virtual environment.
Virtual environment activated.
Installing dependencies from requirements.txt.
Running Python script: /home/neta/LINUX_COURSE_PROJECT/Work/Q2/requirements.py
Generated plots for "Rose".
Generated plots for "Sunflower".
All plots generated successfully.
Virtual environment deactivated.
Using CSV file: /home/neta/LINUX_COURSE_PROJECT/Work/Q3/first.csv
No Q4_venv found, creating virtual environment.
Virtual environment activated.
Installing dependencies from requirements.txt.
Running Python script: /home/neta/LINUX_COURSE_PROJECT/Work/Q2/requirements.py
Generated plots for "Rose".
Generated plots for "Sunflower".
All plots generated successfully.
Virtual environment deactivated.
Using CSV file: /home/neta/LINUX_COURSE_PROJECT/Work/Q3/first.csv
No Q4_venv found, creating virtual environment.
Virtual environment activated.
Installing dependencies from requirements.txt.
Running Python script: /home/neta/LINUX_COURSE_PROJECT/Work/Q2/requirements.py
Generated plots for "Rose".
All plots generated successfully.
Virtual environment deactivated.
